<?xml version="1.0" encoding="UTF-8"?>
<!-- Generated by org.testng.reporters.JUnitReportReporter -->
<testsuite skipped="0" hostname="LAPTOP-9CAVIQQ5" name="com.rgcb.testcases.RgcbFlow" tests="2" failures="0" timestamp="14 Sep 2020 03:10:58 GMT" time="21.535" errors="0">
  <testcase name="loginTorgcb" time="8.332" classname="com.rgcb.testcases.RgcbFlow"/>
  <testcase name="writingIndent" time="13.203" classname="com.rgcb.testcases.RgcbFlow"/>
</testsuite> <!-- com.rgcb.testcases.RgcbFlow -->
