<?xml version="1.0" encoding="UTF-8"?>
<!-- Generated by org.testng.reporters.JUnitReportReporter -->
<testsuite hostname="LAPTOP-9CAVIQQ5" failures="0" tests="1" name="com.rgcb.testcases.LoginRgcb" time="15.825" errors="0" timestamp="10 Sep 2020 05:03:41 GMT" skipped="0">
  <testcase classname="com.rgcb.testcases.LoginRgcb" name="loginTorgcb" time="15.825"/>
</testsuite> <!-- com.rgcb.testcases.LoginRgcb -->
